[29/Aug/2022:09:40:48 GMT-0500] The url /register return a status code 401 from GET method.
[29/Aug/2022:09:41:51 GMT-0500] The url /register return a status code 401 from GET request.
[29/Aug/2022:09:41:55 GMT-0500] The url /register return a status code 403 from GET request.
[29/Aug/2022:09:42:01 GMT-0500] The url /register return a status code 403 from GET request.
[29/Aug/2022:09:47:49 GMT-0500] The url /register return a status code 403 from GET request.
[29/Aug/2022:09:49:14 GMT-0500] The url /register return a status code 403 from GET request.
[29/Aug/2022:09:49:14 GMT-0500] The url /register return a status code 403 from GET request.
[29/Aug/2022:09:49:14 GMT-0500] The url /register return a status code 403 from GET request.
[29/Aug/2022:09:50:37 GMT-0500] The url /register return a status code 403 from GET request. -
[29/Aug/2022:09:50:59 GMT-0500] The url /register return a status code 403 from GET request. [object Object]
[29/Aug/2022:09:51:23 GMT-0500] The url /register return a status code 403 from GET request. -
[29/Aug/2022:09:51:36 GMT-0500] The url /register return a status code 403 from GET request. -
[29/Aug/2022:16:00:39 +0000] The url /register return a status code 403 from GET request. -
[29/Aug/2022:16:00:46 +0000] The url /register return a status code 403 from GET request. -
[29/Aug/2022:16:01:01 +0000] The url /register return a status code 403 from GET request. -
[29/Aug/2022:16:09:16 +0000] The url /register return a status code 403 from GET request. -
[29/Aug/2022:16:10:56 +0000] The url /register return a status code 403 from GET request. -
[29/Aug/2022:16:11:43 +0000] The url /register return a status code 403 from GET request. -
[29/Aug/2022:16:14:37 +0000] The url /register return a status code 403 from GET request. -
[29/Aug/2022:16:16:33 +0000] The url /register return a status code 401 from GET request. -
[29/Aug/2022:16:19:13 +0000] The url /register return a status code 403 from GET request. -
[29/Aug/2022:16:30:34 +0000] The url /register return a status code 403 from GET request. -
[29/Aug/2022:16:31:11 +0000] The url /register return a status code 403 from GET request. -
[29/Aug/2022:16:32:07 +0000] The url /register return a status code 403 from GET request. -
[29/Aug/2022:16:32:28 +0000] The url /register return a status code 403 from GET request. -
[29/Aug/2022:16:34:39 +0000] The url /register return a status code 403 from GET request. -
[29/Aug/2022:16:34:58 +0000] The url /register return a status code 403 from GET request. -
[29/Aug/2022:16:43:09 +0000] The url /register return a status code 401 from GET request. -
[29/Aug/2022:16:44:09 +0000] The url /register return a status code 403 from GET request. -
